#
# There is insufficient memory for the Java Runtime Environment to continue.
# Native memory allocation (malloc) failed to allocate 1763456 bytes for Chunk::new
# Possible reasons:
#   The system is out of physical RAM or swap space
#   In 32 bit mode, the process size limit was hit
# Possible solutions:
#   Reduce memory load on the system
#   Increase physical memory or swap space
#   Check if swap backing store is full
#   Use 64 bit Java on a 64 bit OS
#   Decrease Java heap size (-Xmx/-Xms)
#   Decrease number of Java threads
#   Decrease Java thread stack sizes (-Xss)
#   Set larger code cache with -XX:ReservedCodeCacheSize=
# This output file may be truncated or incomplete.
#
#  Out of Memory Error (allocation.cpp:323), pid=85556, tid=86784
#
# JRE version: Java(TM) SE Runtime Environment (7.0_40-b43) (build 1.7.0_40-b43)
# Java VM: Java HotSpot(TM) 64-Bit Server VM (24.0-b56 mixed mode windows-amd64 compressed oops)
# Failed to write core dump. Minidumps are not enabled by default on client versions of Windows
#

---------------  T H R E A D  ---------------

Current thread (0x000000000917a800):  JavaThread "C2 CompilerThread1" daemon [_thread_in_native, id=86784, stack(0x000000000b730000,0x000000000b830000)]

Stack: [0x000000000b730000,0x000000000b830000]

Current CompileTask:
C2:  17465  644             java.beans.Introspector::getTargetEventInfo (1089 bytes)


---------------  P R O C E S S  ---------------

Java Threads: ( => current thread )
  0x000000000a28c800 JavaThread "Forward streams with process: command 'C:\Program Files\Java\jdk1.7.0_40\bin\java.exe' Thread 3" [_thread_in_native, id=86336, stack(0x0000000013c30000,0x0000000013d30000)]
  0x000000000a289000 JavaThread "Forward streams with process: command 'C:\Program Files\Java\jdk1.7.0_40\bin\java.exe' Thread 2" [_thread_in_native, id=84368, stack(0x000000000fc20000,0x000000000fd20000)]
  0x000000000f171800 JavaThread "Forward streams with process: command 'C:\Program Files\Java\jdk1.7.0_40\bin\java.exe'" [_thread_blocked, id=86220, stack(0x0000000012c30000,0x0000000012d30000)]
  0x000000000a28c000 JavaThread "Run command 'C:\Program Files\Java\jdk1.7.0_40\bin\java.exe'" [_thread_in_native, id=84324, stack(0x0000000013ff0000,0x00000000140f0000)]
  0x000000000a289800 JavaThread "Forward streams with process: command 'C:\Program Files\Java\jdk1.7.0_40\bin\java.exe'" [_thread_blocked, id=82748, stack(0x0000000013d30000,0x0000000013e30000)]
  0x000000000a288000 JavaThread "Forward streams with process: command 'C:\Program Files\Java\jdk1.7.0_40\bin\java.exe' Thread 3" [_thread_blocked, id=86548, stack(0x0000000013ae0000,0x0000000013be0000)]
  0x000000000a287000 JavaThread "Forward streams with process: command 'C:\Program Files\Java\jdk1.7.0_40\bin\java.exe' Thread 2" [_thread_blocked, id=86968, stack(0x00000000139b0000,0x0000000013ab0000)]
  0x000000000f17d000 JavaThread "Forward streams with process: command 'C:\Program Files\Java\jdk1.7.0_40\bin\java.exe'" [_thread_blocked, id=86560, stack(0x00000000137c0000,0x00000000138c0000)]
  0x000000000f179000 JavaThread "Forward streams with process: command 'C:\Program Files\Java\jdk1.7.0_40\bin\java.exe' Thread 3" [_thread_in_native, id=86124, stack(0x0000000012f70000,0x0000000013070000)]
  0x000000000f178800 JavaThread "Forward streams with process: command 'C:\Program Files\Java\jdk1.7.0_40\bin\java.exe' Thread 2" [_thread_in_native, id=86164, stack(0x0000000012d70000,0x0000000012e70000)]
  0x000000000f177800 JavaThread "Forward streams with process: command 'C:\Program Files\Java\jdk1.7.0_40\bin\java.exe'" [_thread_blocked, id=86348, stack(0x0000000012320000,0x0000000012420000)]
  0x000000000f173000 JavaThread "Run command 'C:\Program Files\Java\jdk1.7.0_40\bin\java.exe'" [_thread_blocked, id=86620, stack(0x0000000012440000,0x0000000012540000)]
  0x000000000f172800 JavaThread "Run command 'C:\Program Files\Java\jdk1.7.0_40\bin\java.exe'" [_thread_blocked, id=84152, stack(0x0000000012220000,0x0000000012320000)]
  0x000000000f171000 JavaThread "Run command 'C:\Program Files\Java\jdk1.7.0_40\bin\java.exe'" [_thread_in_native, id=86176, stack(0x00000000120e0000,0x00000000121e0000)]
  0x000000000f16f800 JavaThread "pool-1-thread-6" [_thread_blocked, id=86160, stack(0x0000000011f80000,0x0000000012080000)]
  0x000000000f16e800 JavaThread "pool-1-thread-5" [_thread_in_Java, id=85708, stack(0x000000000fd20000,0x000000000fe20000)]
  0x000000000f16e000 JavaThread "pool-1-thread-4" [_thread_blocked, id=86788, stack(0x000000000fab0000,0x000000000fbb0000)]
  0x000000000e829000 JavaThread "pool-1-thread-3" [_thread_blocked, id=83192, stack(0x000000000f880000,0x000000000f980000)]
  0x0000000010f4e800 JavaThread "pool-1-thread-2" [_thread_blocked, id=86116, stack(0x000000000f630000,0x000000000f730000)]
  0x000000000c162800 JavaThread "pool-1-thread-1" [_thread_blocked, id=86128, stack(0x000000000f770000,0x000000000f870000)]
  0x000000000cda0000 JavaThread "File lock request listener" [_thread_in_native, id=1752, stack(0x000000000e530000,0x000000000e630000)]
  0x000000000c2f6800 JavaThread "Stdin handler" [_thread_blocked, id=86356, stack(0x000000000e3e0000,0x000000000e4e0000)]
  0x000000000c9a9000 JavaThread "Daemon worker" [_thread_in_vm, id=85916, stack(0x000000000e2b0000,0x000000000e3b0000)]
  0x000000000c9a8800 JavaThread "Cancel handler" [_thread_blocked, id=85208, stack(0x000000000e150000,0x000000000e250000)]
  0x000000000c9a8000 JavaThread "Handler for socket connection from /127.0.0.1:36920 to /127.0.0.1:36921" [_thread_in_native, id=86976, stack(0x000000000dd80000,0x000000000de80000)]
  0x000000000ca1f800 JavaThread "Daemon" [_thread_blocked, id=86528, stack(0x000000000db90000,0x000000000dc90000)]
  0x000000000c1c8800 JavaThread "Incoming local TCP Connector on port 36920" [_thread_in_native, id=82496, stack(0x000000000df40000,0x000000000e040000)]
  0x000000000a11d000 JavaThread "Service Thread" daemon [_thread_blocked, id=86840, stack(0x000000000bae0000,0x000000000bbe0000)]
=>0x000000000917a800 JavaThread "C2 CompilerThread1" daemon [_thread_in_native, id=86784, stack(0x000000000b730000,0x000000000b830000)]
  0x0000000009172000 JavaThread "C2 CompilerThread0" daemon [_thread_in_native, id=86776, stack(0x000000000b870000,0x000000000b970000)]
  0x0000000009171000 JavaThread "Attach Listener" daemon [_thread_blocked, id=86768, stack(0x000000000b4d0000,0x000000000b5d0000)]
  0x0000000009170000 JavaThread "Signal Dispatcher" daemon [_thread_blocked, id=86764, stack(0x000000000b5d0000,0x000000000b6d0000)]
  0x0000000001dcd000 JavaThread "Finalizer" daemon [_thread_blocked, id=86760, stack(0x000000000b330000,0x000000000b430000)]
  0x0000000001dc4000 JavaThread "Reference Handler" daemon [_thread_blocked, id=86396, stack(0x000000000b080000,0x000000000b180000)]
  0x000000000231e000 JavaThread "main" [_thread_blocked, id=84356, stack(0x00000000023e0000,0x00000000024e0000)]

Other Threads:
  0x000000000915e800 VMThread [stack: 0x000000000b1b0000,0x000000000b2b0000] [id=86392]
  0x000000000a126000 WatcherThread [stack: 0x000000000b970000,0x000000000ba70000] [id=84392]

VM state:not at safepoint (normal execution)

VM Mutex/Monitor currently owned by a thread: None

Heap
 PSYoungGen      total 142848K, used 102002K [0x00000000eaa80000, 0x00000000f9c00000, 0x0000000100000000)
  eden space 127488K, 67% used [0x00000000eaa80000,0x00000000eff1e478,0x00000000f2700000)
  from space 15360K, 99% used [0x00000000f2700000,0x00000000f35fe620,0x00000000f3600000)
  to   space 21504K, 0% used [0x00000000f8700000,0x00000000f8700000,0x00000000f9c00000)
 ParOldGen       total 85504K, used 30066K [0x00000000c0000000, 0x00000000c5380000, 0x00000000eaa80000)
  object space 85504K, 35% used [0x00000000c0000000,0x00000000c1d5c8a8,0x00000000c5380000)
 PSPermGen       total 38400K, used 38385K [0x00000000b0000000, 0x00000000b2580000, 0x00000000c0000000)
  object space 38400K, 99% used [0x00000000b0000000,0x00000000b257c788,0x00000000b2580000)

Card table byte_map: [0x00000000054e0000,0x0000000005770000] byte_map_base: 0x0000000004f60000

Polling page: 0x0000000000330000

Code Cache  [0x00000000024e0000, 0x00000000028c0000, 0x00000000054e0000)
 total_blobs=1242 nmethods=629 adapters=564 free_code_cache=45301Kb largest_free_block=46292736

Compilation events (10 events):
Event: 16.387 Thread 0x0000000009172000 nmethod 650 0x00000000026c20d0 code [0x00000000026c2220, 0x00000000026c2358]
Event: 16.387 Thread 0x0000000009172000  652             java.lang.System$2::getConstantPool (5 bytes)
Event: 16.388 Thread 0x0000000009172000 nmethod 652 0x00000000026c1e10 code [0x00000000026c1f60, 0x00000000026c1fe8]
Event: 16.388 Thread 0x0000000009172000  653             groovy.lang.MetaClassImpl::populateMethods (400 bytes)
Event: 16.831 Thread 0x0000000009172000 nmethod 653 0x00000000028acfd0 code [0x00000000028ad7a0, 0x00000000028b27a8]
Event: 16.832 Thread 0x0000000009172000  654             java.lang.reflect.AccessibleObject::setAccessible0 (43 bytes)
Event: 16.834 Thread 0x0000000009172000 nmethod 654 0x000000000279ab10 code [0x000000000279ac60, 0x000000000279ad68]
Event: 16.834 Thread 0x0000000009172000  655  s!         java.beans.PropertyDescriptor::getReadMethod (169 bytes)
Event: 16.838 Thread 0x0000000009172000 nmethod 655 0x000000000279f810 code [0x000000000279f960, 0x000000000279fd98]
Event: 16.838 Thread 0x0000000009172000  656             java.beans.Introspector::processPropertyDescriptors (699 bytes)

GC Heap History (10 events):
Event: 5.389 GC heap before
{Heap before GC invocations=5 (full 0):
 PSYoungGen      total 37888K, used 37888K [0x00000000eaa80000, 0x00000000ef480000, 0x0000000100000000)
  eden space 32768K, 100% used [0x00000000eaa80000,0x00000000eca80000,0x00000000eca80000)
  from space 5120K, 100% used [0x00000000ecf80000,0x00000000ed480000,0x00000000ed480000)
  to   space 5120K, 0% used [0x00000000eca80000,0x00000000eca80000,0x00000000ecf80000)
 ParOldGen       total 85504K, used 9243K [0x00000000c0000000, 0x00000000c5380000, 0x00000000eaa80000)
  object space 85504K, 10% used [0x00000000c0000000,0x00000000c0906f38,0x00000000c5380000)
 PSPermGen       total 23552K, used 23461K [0x00000000b0000000, 0x00000000b1700000, 0x00000000c0000000)
  object space 23552K, 99% used [0x00000000b0000000,0x00000000b16e9410,0x00000000b1700000)
Event: 5.403 GC heap after
Heap after GC invocations=5 (full 0):
 PSYoungGen      total 37888K, used 5104K [0x00000000eaa80000, 0x00000000f0080000, 0x0000000100000000)
  eden space 32768K, 0% used [0x00000000eaa80000,0x00000000eaa80000,0x00000000eca80000)
  from space 5120K, 99% used [0x00000000eca80000,0x00000000ecf7c010,0x00000000ecf80000)
  to   space 11264K, 0% used [0x00000000ef580000,0x00000000ef580000,0x00000000f0080000)
 ParOldGen       total 85504K, used 12770K [0x00000000c0000000, 0x00000000c5380000, 0x00000000eaa80000)
  object space 85504K, 14% used [0x00000000c0000000,0x00000000c0c78ba0,0x00000000c5380000)
 PSPermGen       total 23552K, used 23461K [0x00000000b0000000, 0x00000000b1700000, 0x00000000c0000000)
  object space 23552K, 99% used [0x00000000b0000000,0x00000000b16e9410,0x00000000b1700000)
}
Event: 6.335 GC heap before
{Heap before GC invocations=6 (full 0):
 PSYoungGen      total 37888K, used 37872K [0x00000000eaa80000, 0x00000000f0080000, 0x0000000100000000)
  eden space 32768K, 100% used [0x00000000eaa80000,0x00000000eca80000,0x00000000eca80000)
  from space 5120K, 99% used [0x00000000eca80000,0x00000000ecf7c010,0x00000000ecf80000)
  to   space 11264K, 0% used [0x00000000ef580000,0x00000000ef580000,0x00000000f0080000)
 ParOldGen       total 85504K, used 12770K [0x00000000c0000000, 0x00000000c5380000, 0x00000000eaa80000)
  object space 85504K, 14% used [0x00000000c0000000,0x00000000c0c78ba0,0x00000000c5380000)
 PSPermGen       total 26112K, used 25857K [0x00000000b0000000, 0x00000000b1980000, 0x00000000c0000000)
  object space 26112K, 99% used [0x00000000b0000000,0x00000000b1940658,0x00000000b1980000)
Event: 6.347 GC heap after
Heap after GC invocations=6 (full 0):
 PSYoungGen      total 76800K, used 7131K [0x00000000eaa80000, 0x00000000f0080000, 0x0000000100000000)
  eden space 65536K, 0% used [0x00000000eaa80000,0x00000000eaa80000,0x00000000eea80000)
  from space 11264K, 63% used [0x00000000ef580000,0x00000000efc76f98,0x00000000f0080000)
  to   space 11264K, 0% used [0x00000000eea80000,0x00000000eea80000,0x00000000ef580000)
 ParOldGen       total 85504K, used 12842K [0x00000000c0000000, 0x00000000c5380000, 0x00000000eaa80000)
  object space 85504K, 15% used [0x00000000c0000000,0x00000000c0c8abb0,0x00000000c5380000)
 PSPermGen       total 26112K, used 25857K [0x00000000b0000000, 0x00000000b1980000, 0x00000000c0000000)
  object space 26112K, 99% used [0x00000000b0000000,0x00000000b1940658,0x00000000b1980000)
}
Event: 9.078 GC heap before
{Heap before GC invocations=7 (full 0):
 PSYoungGen      total 76800K, used 72667K [0x00000000eaa80000, 0x00000000f0080000, 0x0000000100000000)
  eden space 65536K, 100% used [0x00000000eaa80000,0x00000000eea80000,0x00000000eea80000)
  from space 11264K, 63% used [0x00000000ef580000,0x00000000efc76f98,0x00000000f0080000)
  to   space 11264K, 0% used [0x00000000eea80000,0x00000000eea80000,0x00000000ef580000)
 ParOldGen       total 85504K, used 12842K [0x00000000c0000000, 0x00000000c5380000, 0x00000000eaa80000)
  object space 85504K, 15% used [0x00000000c0000000,0x00000000c0c8abb0,0x00000000c5380000)
 PSPermGen       total 29696K, used 29272K [0x00000000b0000000, 0x00000000b1d00000, 0x00000000c0000000)
  object space 29696K, 98% used [0x00000000b0000000,0x00000000b1c962a8,0x00000000b1d00000)
Event: 9.100 GC heap after
Heap after GC invocations=7 (full 0):
 PSYoungGen      total 76800K, used 10013K [0x00000000eaa80000, 0x00000000f4180000, 0x0000000100000000)
  eden space 65536K, 0% used [0x00000000eaa80000,0x00000000eaa80000,0x00000000eea80000)
  from space 11264K, 88% used [0x00000000eea80000,0x00000000ef4476d8,0x00000000ef580000)
  to   space 11776K, 0% used [0x00000000f3600000,0x00000000f3600000,0x00000000f4180000)
 ParOldGen       total 85504K, used 14764K [0x00000000c0000000, 0x00000000c5380000, 0x00000000eaa80000)
  object space 85504K, 17% used [0x00000000c0000000,0x00000000c0e6b068,0x00000000c5380000)
 PSPermGen       total 29696K, used 29272K [0x00000000b0000000, 0x00000000b1d00000, 0x00000000c0000000)
  object space 29696K, 98% used [0x00000000b0000000,0x00000000b1c962a8,0x00000000b1d00000)
}
Event: 10.743 GC heap before
{Heap before GC invocations=8 (full 0):
 PSYoungGen      total 76800K, used 75549K [0x00000000eaa80000, 0x00000000f4180000, 0x0000000100000000)
  eden space 65536K, 100% used [0x00000000eaa80000,0x00000000eea80000,0x00000000eea80000)
  from space 11264K, 88% used [0x00000000eea80000,0x00000000ef4476d8,0x00000000ef580000)
  to   space 11776K, 0% used [0x00000000f3600000,0x00000000f3600000,0x00000000f4180000)
 ParOldGen       total 85504K, used 14764K [0x00000000c0000000, 0x00000000c5380000, 0x00000000eaa80000)
  object space 85504K, 17% used [0x00000000c0000000,0x00000000c0e6b068,0x00000000c5380000)
 PSPermGen       total 33280K, used 33109K [0x00000000b0000000, 0x00000000b2080000, 0x00000000c0000000)
  object space 33280K, 99% used [0x00000000b0000000,0x00000000b20554b8,0x00000000b2080000)
Event: 10.799 GC heap after
Heap after GC invocations=8 (full 0):
 PSYoungGen      total 139264K, used 11750K [0x00000000eaa80000, 0x00000000f4880000, 0x0000000100000000)
  eden space 127488K, 0% used [0x00000000eaa80000,0x00000000eaa80000,0x00000000f2700000)
  from space 11776K, 99% used [0x00000000f3600000,0x00000000f4179878,0x00000000f4180000)
  to   space 15360K, 0% used [0x00000000f2700000,0x00000000f2700000,0x00000000f3600000)
 ParOldGen       total 85504K, used 19645K [0x00000000c0000000, 0x00000000c5380000, 0x00000000eaa80000)
  object space 85504K, 22% used [0x00000000c0000000,0x00000000c132f4a0,0x00000000c5380000)
 PSPermGen       total 33280K, used 33109K [0x00000000b0000000, 0x00000000b2080000, 0x00000000c0000000)
  object space 33280K, 99% used [0x00000000b0000000,0x00000000b20554b8,0x00000000b2080000)
}
Event: 16.399 GC heap before
{Heap before GC invocations=9 (full 0):
 PSYoungGen      total 139264K, used 139238K [0x00000000eaa80000, 0x00000000f4880000, 0x0000000100000000)
  eden space 127488K, 100% used [0x00000000eaa80000,0x00000000f2700000,0x00000000f2700000)
  from space 11776K, 99% used [0x00000000f3600000,0x00000000f4179878,0x00000000f4180000)
  to   space 15360K, 0% used [0x00000000f2700000,0x00000000f2700000,0x00000000f3600000)
 ParOldGen       total 85504K, used 19645K [0x00000000c0000000, 0x00000000c5380000, 0x00000000eaa80000)
  object space 85504K, 22% used [0x00000000c0000000,0x00000000c132f4a0,0x00000000c5380000)
 PSPermGen       total 38400K, used 37971K [0x00000000b0000000, 0x00000000b2580000, 0x00000000c0000000)
  object space 38400K, 98% used [0x00000000b0000000,0x00000000b2514c38,0x00000000b2580000)
Event: 16.444 GC heap after
Heap after GC invocations=9 (full 0):
 PSYoungGen      total 142848K, used 15353K [0x00000000eaa80000, 0x00000000f9c00000, 0x0000000100000000)
  eden space 127488K, 0% used [0x00000000eaa80000,0x00000000eaa80000,0x00000000f2700000)
  from space 15360K, 99% used [0x00000000f2700000,0x00000000f35fe620,0x00000000f3600000)
  to   space 21504K, 0% used [0x00000000f8700000,0x00000000f8700000,0x00000000f9c00000)
 ParOldGen       total 85504K, used 30066K [0x00000000c0000000, 0x00000000c5380000, 0x00000000eaa80000)
  object space 85504K, 35% used [0x00000000c0000000,0x00000000c1d5c8a8,0x00000000c5380000)
 PSPermGen       total 38400K, used 37971K [0x00000000b0000000, 0x00000000b2580000, 0x00000000c0000000)
  object space 38400K, 98% used [0x00000000b0000000,0x00000000b2514c38,0x00000000b2580000)
}

Deoptimization events (10 events):
Event: 17.257 Thread 0x000000000c9a9000 Uncommon trap: reason=class_check action=maybe_recompile pc=0x000000000274ce44 method=java.util.AbstractList$Itr.hasNext()Z @ 8
Event: 17.257 Thread 0x000000000c9a9000 Uncommon trap: reason=class_check action=maybe_recompile pc=0x0000000002755ff4 method=java.util.AbstractList$Itr.next()Ljava/lang/Object; @ 14
Event: 17.257 Thread 0x000000000c9a9000 Uncommon trap: reason=class_check action=maybe_recompile pc=0x000000000274ce44 method=java.util.AbstractList$Itr.hasNext()Z @ 8
Event: 17.257 Thread 0x000000000c9a9000 Uncommon trap: reason=class_check action=maybe_recompile pc=0x0000000002755ff4 method=java.util.AbstractList$Itr.next()Ljava/lang/Object; @ 14
Event: 17.257 Thread 0x000000000c9a9000 Uncommon trap: reason=class_check action=maybe_recompile pc=0x000000000274ce44 method=java.util.AbstractList$Itr.hasNext()Z @ 8
Event: 17.257 Thread 0x000000000c9a9000 Uncommon trap: reason=class_check action=maybe_recompile pc=0x0000000002755ff4 method=java.util.AbstractList$Itr.next()Ljava/lang/Object; @ 14
Event: 17.257 Thread 0x000000000c9a9000 Uncommon trap: reason=class_check action=maybe_recompile pc=0x000000000274ce44 method=java.util.AbstractList$Itr.hasNext()Z @ 8
Event: 17.257 Thread 0x000000000c9a9000 Uncommon trap: reason=class_check action=maybe_recompile pc=0x0000000002755ff4 method=java.util.AbstractList$Itr.next()Ljava/lang/Object; @ 14
Event: 17.328 Thread 0x000000000f16e000 Uncommon trap: reason=unreached action=reinterpret pc=0x00000000027da490 method=java.util.concurrent.locks.AbstractQueuedSynchronizer.release(I)Z @ 14
Event: 17.328 Thread 0x000000000e829000 Uncommon trap: reason=unreached action=reinterpret pc=0x000000000275e104 method=java.util.concurrent.locks.AbstractQueuedSynchronizer.release(I)Z @ 14

Internal exceptions (10 events):
Event: 17.359 Thread 0x000000000f170000 Threw 0x00000000ec378508 at C:\jdk7u2_64p\jdk7u40\hotspot\src\share\vm\prims\jvm.cpp:1244
Event: 17.359 Thread 0x000000000f170000 Threw 0x00000000ec37be18 at C:\jdk7u2_64p\jdk7u40\hotspot\src\share\vm\prims\jvm.cpp:1244
Event: 17.359 Thread 0x000000000f170000 Threw 0x00000000ec37c6a8 at C:\jdk7u2_64p\jdk7u40\hotspot\src\share\vm\prims\jvm.cpp:1244
Event: 17.450 Thread 0x000000000f176000 Threw 0x00000000ed259050 at C:\jdk7u2_64p\jdk7u40\hotspot\src\share\vm\prims\jvm.cpp:1244
Event: 17.450 Thread 0x000000000f176000 Threw 0x00000000ed259798 at C:\jdk7u2_64p\jdk7u40\hotspot\src\share\vm\prims\jvm.cpp:1244
Event: 17.451 Thread 0x000000000f176000 Threw 0x00000000ed25ca48 at C:\jdk7u2_64p\jdk7u40\hotspot\src\share\vm\prims\jvm.cpp:1244
Event: 17.451 Thread 0x000000000f176000 Threw 0x00000000ed25d058 at C:\jdk7u2_64p\jdk7u40\hotspot\src\share\vm\prims\jvm.cpp:1244
Event: 17.452 Thread 0x000000000c162800 Threw 0x00000000eb484628 at C:\jdk7u2_64p\jdk7u40\hotspot\src\share\vm\prims\jvm.cpp:1244
Event: 17.453 Thread 0x000000000c162800 Threw 0x00000000eb487d58 at C:\jdk7u2_64p\jdk7u40\hotspot\src\share\vm\prims\jvm.cpp:1244
Event: 17.453 Thread 0x000000000c162800 Threw 0x00000000eb488610 at C:\jdk7u2_64p\jdk7u40\hotspot\src\share\vm\prims\jvm.cpp:1244

Events (10 events):
Event: 17.451 loading class 0x000000000c908710 done
Event: 17.452 Executing VM operation: RevokeBias
Event: 17.452 Executing VM operation: RevokeBias done
Event: 17.452 Thread 0x000000000f176000 Thread exited: 0x000000000f176000
Event: 17.452 loading class 0x000000000ea80bb0
Event: 17.452 loading class 0x000000000ea80bb0 done
Event: 17.453 loading class 0x000000000c908710
Event: 17.453 loading class 0x000000000c908710 done
Event: 17.453 loading class 0x000000000cc33180
Event: 17.453 loading class 0x000000000cc33180 done


Dynamic libraries:
0x000000013f690000 - 0x000000013f6c3000 	C:\Program Files\Java\jdk1.7.0_40\bin\java.exe
0x0000000077420000 - 0x00000000775c9000 	C:\Windows\SYSTEM32\ntdll.dll
0x0000000077200000 - 0x000000007731f000 	C:\Windows\system32\kernel32.dll
0x000007fefd4c0000 - 0x000007fefd52c000 	C:\Windows\system32\KERNELBASE.dll
0x000007fefd870000 - 0x000007fefd94b000 	C:\Windows\system32\ADVAPI32.dll
0x000007fefef00000 - 0x000007fefef9f000 	C:\Windows\system32\msvcrt.dll
0x000007feff640000 - 0x000007feff65f000 	C:\Windows\SYSTEM32\sechost.dll
0x000007feff050000 - 0x000007feff17d000 	C:\Windows\system32\RPCRT4.dll
0x0000000077320000 - 0x000000007741a000 	C:\Windows\system32\USER32.dll
0x000007fefe8e0000 - 0x000007fefe947000 	C:\Windows\system32\GDI32.dll
0x000007fefeec0000 - 0x000007fefeece000 	C:\Windows\system32\LPK.dll
0x000007feff660000 - 0x000007feff729000 	C:\Windows\system32\USP10.dll
0x000007fefbb20000 - 0x000007fefbd14000 	C:\Windows\WinSxS\amd64_microsoft.windows.common-controls_6595b64144ccf1df_6.0.7601.17514_none_fa396087175ac9ac\COMCTL32.dll
0x000007fefd720000 - 0x000007fefd791000 	C:\Windows\system32\SHLWAPI.dll
0x000007fefeed0000 - 0x000007fefeefe000 	C:\Windows\system32\IMM32.DLL
0x000007fefeb60000 - 0x000007fefec69000 	C:\Windows\system32\MSCTF.dll
0x0000000078eb0000 - 0x0000000078f81000 	C:\Program Files\Java\jdk1.7.0_40\jre\bin\msvcr100.dll
0x000000006e490000 - 0x000000006ec59000 	C:\Program Files\Java\jdk1.7.0_40\jre\bin\server\jvm.dll
0x000007fefac20000 - 0x000007fefac29000 	C:\Windows\system32\WSOCK32.dll
0x000007fefd820000 - 0x000007fefd86d000 	C:\Windows\system32\WS2_32.dll
0x000007feff040000 - 0x000007feff048000 	C:\Windows\system32\NSI.dll
0x000007fefb090000 - 0x000007fefb0cb000 	C:\Windows\system32\WINMM.dll
0x00000000775f0000 - 0x00000000775f7000 	C:\Windows\system32\PSAPI.DLL
0x0000000050190000 - 0x000000005019f000 	C:\Program Files\Java\jdk1.7.0_40\jre\bin\verify.dll
0x000000006cc30000 - 0x000000006cc58000 	C:\Program Files\Java\jdk1.7.0_40\jre\bin\java.dll
0x000000006df40000 - 0x000000006df55000 	C:\Program Files\Java\jdk1.7.0_40\jre\bin\zip.dll
0x0000000000580000 - 0x0000000000599000 	C:\Program Files\Java\jdk1.7.0_40\jre\bin\net.dll
0x000007fefcb40000 - 0x000007fefcb95000 	C:\Windows\system32\mswsock.dll
0x000007fefca30000 - 0x000007fefca37000 	C:\Windows\System32\wship6.dll
0x000000006dc60000 - 0x000000006dc71000 	C:\Program Files\Java\jdk1.7.0_40\jre\bin\nio.dll
0x000007fef6640000 - 0x000007fef6652000 	C:\Users\HFLopes\.gradle\native\19\windows-amd64\native-platform.dll
0x000007fefaa20000 - 0x000007fefaa47000 	C:\Windows\system32\IPHLPAPI.DLL
0x000007fefaa10000 - 0x000007fefaa1b000 	C:\Windows\system32\WINNSI.DLL
0x000007fefa6f0000 - 0x000007fefa701000 	C:\Windows\system32\dhcpcsvc6.DLL
0x000007fefa540000 - 0x000007fefa558000 	C:\Windows\system32\dhcpcsvc.DLL
0x000007fefcba0000 - 0x000007fefcbb7000 	C:\Windows\system32\CRYPTSP.dll
0x000007fefc7c0000 - 0x000007fefc807000 	C:\Windows\system32\rsaenh.dll
0x000007fefd530000 - 0x000007fefd54e000 	C:\Windows\system32\USERENV.dll
0x000007fefd260000 - 0x000007fefd26f000 	C:\Windows\system32\profapi.dll
0x000007fefd100000 - 0x000007fefd10f000 	C:\Windows\system32\CRYPTBASE.dll
0x000007fefb170000 - 0x000007fefb185000 	C:\Windows\system32\NLAapi.dll
0x000007fef70d0000 - 0x000007fef70e5000 	C:\Windows\system32\napinsp.dll
0x000007fef72d0000 - 0x000007fef72e9000 	C:\Windows\system32\pnrpnsp.dll
0x000007fefc870000 - 0x000007fefc8cb000 	C:\Windows\system32\DNSAPI.dll
0x000007fef6730000 - 0x000007fef673b000 	C:\Windows\System32\winrnr.dll
0x000007fef6720000 - 0x000007fef6730000 	C:\Windows\system32\wshbth.dll
0x000007fef8140000 - 0x000007fef816f000 	C:\Program Files\Common Files\Microsoft Shared\Windows Live\WLIDNSP.DLL
0x000007fefc440000 - 0x000007fefc447000 	C:\Windows\System32\wshtcpip.dll
0x000007fef8130000 - 0x000007fef8138000 	C:\Windows\system32\rasadhlp.dll
0x000007fefa840000 - 0x000007fefa893000 	C:\Windows\System32\fwpuclnt.dll
0x000007fefd0a0000 - 0x000007fefd0f7000 	C:\Windows\system32\apphelp.dll
0x00000000520c0000 - 0x00000000520cb000 	C:\Program Files\Java\jdk1.7.0_40\jre\bin\management.dll

VM Arguments:
jvm_args: -XX:MaxPermSize=256m -XX:+HeapDumpOnOutOfMemoryError -Xmx1024m -Dfile.encoding=windows-1252 -Duser.country=BR -Duser.language=pt -Duser.variant 
java_command: org.gradle.launcher.daemon.bootstrap.GradleDaemon 2.8
Launcher Type: SUN_STANDARD

Environment Variables:
PATH=C:\Program Files (x86)\Common Files\TEC-IT\TBarCode\11.1\;C:\Program Files\Common Files\TEC-IT\TBarCode\11.1\;C:\totvs\CorporeRM\API;C:\oracle\product\10.2.0\client_1\bin;C:\Program Files\Common Files\Microsoft Shared\Windows Live;C:\Program Files (x86)\Common Files\Microsoft Shared\Windows Live;C:\Program Files (x86)\Intel\iCLS Client\;C:\Program Files\Intel\iCLS Client\;C:\Windows\system32;C:\Windows;C:\Windows\System32\Wbem;C:\Windows\System32\WindowsPowerShell\v1.0\;C:\Program Files (x86)\Windows Live\Shared;C:\Program Files (x86)\Microsoft ASP.NET\ASP.NET Web Pages\v1.0\;C:\Program Files\Microsoft SQL Server\110\Tools\Binn\;c:\Program Files (x86)\Microsoft SQL Server\100\Tools\Binn\;c:\Program Files\Microsoft SQL Server\100\Tools\Binn\;c:\Program Files\Microsoft SQL Server\100\DTS\Binn\;C:\Program Files (x86)\Windows Kits\8.1\Windows Performance Toolkit\;C:\totvs\CorporeRM\API
USERNAME=HFLopes
OS=Windows_NT
PROCESSOR_IDENTIFIER=Intel64 Family 6 Model 58 Stepping 9, GenuineIntel



---------------  S Y S T E M  ---------------

OS: Windows 7 , 64 bit Build 7601 Service Pack 1

CPU:total 8 (4 cores per cpu, 2 threads per core) family 6 model 58 stepping 9, cmov, cx8, fxsr, mmx, sse, sse2, sse3, ssse3, sse4.1, sse4.2, popcnt, avx, aes, erms, ht, tsc, tscinvbit, tscinv

Memory: 4k page, physical 8245460k(1034136k free), swap 16501044k(177252k free)

vm_info: Java HotSpot(TM) 64-Bit Server VM (24.0-b56) for windows-amd64 JRE (1.7.0_40-b43), built on Aug 26 2013 22:38:32 by "java_re" with unknown MS VC++:1600

time: Tue Mar 01 11:04:30 2016
elapsed time: 17 seconds

